<?xml version="1.0" encoding="UTF-8"?>
<testsuite xmlns:xsi="http://www.w3.org/2001/XMLSchema-instance" xsi:noNamespaceSchemaLocation="https://maven.apache.org/surefire/maven-surefire-plugin/xsd/surefire-test-report.xsd" name="br.edu.ifg.MathOperationTest" time="0.008" tests="8" errors="1" skipped="0" failures="0">
  <properties>
[...]
</properties>
  <testcase name="deveEfetuarMultiQuandoParametrosPositivos" classname="br.edu.ifg.MathOperationTest" time="0"/>
  <testcase name="deveEfetuarSomaQuandoUmParametroForNegativo" classname="br.edu.ifg.MathOperationTest" time="0"/>
  <testcase name="deveEfetuarDivQuandoPrimeiroParametroForZero" classname="br.edu.ifg.MathOperationTest" time="0"/>
  <testcase name="naoDeveEfetuarDivQuandoSegundoParametroForZero" classname="br.edu.ifg.MathOperationTest" time="0.001">
    <error message="java.lang.NoClassDefFoundError: org/junit/function/ThrowingRunnable" type="java.lang.BootstrapMethodError">java.lang.BootstrapMethodError: java.lang.NoClassDefFoundError: org/junit/function/ThrowingRunnable
	at br.edu.ifg.MathOperationTest.naoDeveEfetuarDivQuandoSegundoParametroForZero(MathOperationTest.java:77)
Caused by: java.lang.NoClassDefFoundError: org/junit/function/ThrowingRunnable
	at br.edu.ifg.MathOperationTest.naoDeveEfetuarDivQuandoSegundoParametroForZero(MathOperationTest.java:77)
Caused by: java.lang.ClassNotFoundException: org.junit.function.ThrowingRunnable
	at br.edu.ifg.MathOperationTest.naoDeveEfetuarDivQuandoSegundoParametroForZero(MathOperationTest.java:77)
</error>
  </testcase>
  <testcase name="deveEfetuarSubQuandoParametrosPositivos" classname="br.edu.ifg.MathOperationTest" time="0"/>
  <testcase name="deveEfetuarSomaQuandoParametrosPositivos" classname="br.edu.ifg.MathOperationTest" time="0"/>
  <testcase name="deveEfetuarDivQuandoParametrosPositivos" classname="br.edu.ifg.MathOperationTest" time="0"/>
  <testcase name="deveEfetuarSomaQuandoParametrosNegativos" classname="br.edu.ifg.MathOperationTest" time="0"/>
</testsuite>