<?xml version="1.0" encoding="UTF-8"?>
<testsuite xmlns:xsi="http://www.w3.org/2001/XMLSchema-instance" xsi:noNamespaceSchemaLocation="https://maven.apache.org/surefire/maven-surefire-plugin/xsd/surefire-test-report.xsd" name="br.edu.ifg.MathOperationTest" time="0.008" tests="8" errors="1" skipped="0" failures="0">
  <properties>
    <property name="sun.desktop" value="windows"/>
    <property name="awt.toolkit" value="sun.awt.windows.WToolkit"/>
    <property name="file.encoding.pkg" value="sun.io"/>
    <property name="java.specification.version" value="1.8"/>
    <property name="sun.cpu.isalist" value="amd64"/>
    <property name="sun.jnu.encoding" value="Cp1252"/>
    <property name="java.class.path" value="C:\Users\k.faria\github\ifg\software-testing-2022\software-testing\target\test-classes;C:\Users\k.faria\github\ifg\software-testing-2022\software-testing\target\classes;C:\Users\k.faria\.m2\repository\org\junit\jupiter\junit-jupiter-engine\5.4.0\junit-jupiter-engine-5.4.0.jar;C:\Users\k.faria\.m2\repository\org\apiguardian\apiguardian-api\1.0.0\apiguardian-api-1.0.0.jar;C:\Users\k.faria\.m2\repository\org\junit\platform\junit-platform-engine\1.4.0\junit-platform-engine-1.4.0.jar;C:\Users\k.faria\.m2\repository\org\opentest4j\opentest4j\1.1.1\opentest4j-1.1.1.jar;C:\Users\k.faria\.m2\repository\org\junit\platform\junit-platform-commons\1.4.0\junit-platform-commons-1.4.0.jar;C:\Users\k.faria\.m2\repository\org\junit\jupiter\junit-jupiter-api\5.4.0\junit-jupiter-api-5.4.0.jar;"/>
    <property name="java.vm.vendor" value="Oracle Corporation"/>
    <property name="sun.arch.data.model" value="64"/>
    <property name="user.variant" value=""/>
    <property name="java.vendor.url" value="http://java.oracle.com/"/>
    <property name="user.timezone" value="America/Sao_Paulo"/>
    <property name="java.vm.specification.version" value="1.8"/>
    <property name="os.name" value="Windows 10"/>
    <property name="user.country" value="BR"/>
    <property name="sun.java.launcher" value="SUN_STANDARD"/>
    <property name="sun.boot.library.path" value="C:\Program Files\Java\jdk1.8.0_202\jre\bin"/>
    <property name="sun.java.command" value="C:\Users\KD4F2~1.FAR\AppData\Local\Temp\surefire3918991206966006382\surefirebooter1013516068119829719.jar C:\Users\k.faria\AppData\Local\Temp\surefire3918991206966006382 2022-04-13T12-38-52_771-jvmRun1 surefire7331397734687290312tmp surefire_04143942933237808666tmp"/>
    <property name="surefire.test.class.path" value="C:\Users\k.faria\github\ifg\software-testing-2022\software-testing\target\test-classes;C:\Users\k.faria\github\ifg\software-testing-2022\software-testing\target\classes;C:\Users\k.faria\.m2\repository\org\junit\jupiter\junit-jupiter-engine\5.4.0\junit-jupiter-engine-5.4.0.jar;C:\Users\k.faria\.m2\repository\org\apiguardian\apiguardian-api\1.0.0\apiguardian-api-1.0.0.jar;C:\Users\k.faria\.m2\repository\org\junit\platform\junit-platform-engine\1.4.0\junit-platform-engine-1.4.0.jar;C:\Users\k.faria\.m2\repository\org\opentest4j\opentest4j\1.1.1\opentest4j-1.1.1.jar;C:\Users\k.faria\.m2\repository\org\junit\platform\junit-platform-commons\1.4.0\junit-platform-commons-1.4.0.jar;C:\Users\k.faria\.m2\repository\org\junit\jupiter\junit-jupiter-api\5.4.0\junit-jupiter-api-5.4.0.jar;"/>
    <property name="sun.cpu.endian" value="little"/>
    <property name="user.home" value="C:\Users\k.faria"/>
    <property name="user.language" value="pt"/>
    <property name="java.specification.vendor" value="Oracle Corporation"/>
    <property name="java.home" value="C:\Program Files\Java\jdk1.8.0_202\jre"/>
    <property name="basedir" value="C:\Users\k.faria\github\ifg\software-testing-2022\software-testing"/>
    <property name="file.separator" value="\"/>
    <property name="line.separator" value="&#10;"/>
    <property name="java.vm.specification.vendor" value="Oracle Corporation"/>
    <property name="java.specification.name" value="Java Platform API Specification"/>
    <property name="java.awt.graphicsenv" value="sun.awt.Win32GraphicsEnvironment"/>
    <property name="surefire.real.class.path" value="C:\Users\KD4F2~1.FAR\AppData\Local\Temp\surefire3918991206966006382\surefirebooter1013516068119829719.jar;C:\\Users\\k.faria\\.m2\\repository\\org\\jacoco\\org.jacoco.agent\\0.7.7.201606060606\\org.jacoco.agent-0.7.7.201606060606-runtime.jar"/>
    <property name="sun.boot.class.path" value="C:\Program Files\Java\jdk1.8.0_202\jre\lib\resources.jar;C:\Program Files\Java\jdk1.8.0_202\jre\lib\rt.jar;C:\Program Files\Java\jdk1.8.0_202\jre\lib\sunrsasign.jar;C:\Program Files\Java\jdk1.8.0_202\jre\lib\jsse.jar;C:\Program Files\Java\jdk1.8.0_202\jre\lib\jce.jar;C:\Program Files\Java\jdk1.8.0_202\jre\lib\charsets.jar;C:\Program Files\Java\jdk1.8.0_202\jre\lib\jfr.jar;C:\Program Files\Java\jdk1.8.0_202\jre\classes"/>
    <property name="user.script" value=""/>
    <property name="sun.management.compiler" value="HotSpot 64-Bit Tiered Compilers"/>
    <property name="java.runtime.version" value="1.8.0_202-b08"/>
    <property name="user.name" value="k.faria"/>
    <property name="path.separator" value=";"/>
    <property name="os.version" value="10.0"/>
    <property name="java.endorsed.dirs" value="C:\Program Files\Java\jdk1.8.0_202\jre\lib\endorsed"/>
    <property name="java.runtime.name" value="Java(TM) SE Runtime Environment"/>
    <property name="file.encoding" value="Cp1252"/>
    <property name="java.vm.name" value="Java HotSpot(TM) 64-Bit Server VM"/>
    <property name="localRepository" value="C:\Users\k.faria\.m2\repository"/>
    <property name="java.vendor.url.bug" value="http://bugreport.sun.com/bugreport/"/>
    <property name="java.io.tmpdir" value="C:\Users\KD4F2~1.FAR\AppData\Local\Temp\"/>
    <property name="java.version" value="1.8.0_202"/>
    <property name="user.dir" value="C:\Users\k.faria\github\ifg\software-testing-2022\software-testing"/>
    <property name="os.arch" value="amd64"/>
    <property name="java.vm.specification.name" value="Java Virtual Machine Specification"/>
    <property name="java.awt.printerjob" value="sun.awt.windows.WPrinterJob"/>
    <property name="sun.os.patch.level" value=""/>
    <property name="java.library.path" value="C:\Program Files\Java\jdk1.8.0_202\jre\bin;C:\Windows\Sun\Java\bin;C:\Windows\system32;C:\Windows;C:\Program Files (x86)\Common Files\Oracle\Java\javapath;C:\Python310\Scripts\;C:\Python310\;C:\Windows\system32;C:\Windows;C:\Windows\System32\Wbem;C:\Windows\System32\WindowsPowerShell\v1.0\;C:\Windows\System32\OpenSSH\;C:\Program Files\PowerShell\7\;C:\ProgramData\chocolatey\bin;C:\Program Files\Git\cmd;C:\Program Files\nodejs\;C:\Program Files\Amazon\AWSCLIV2\;C:\Users\k.faria\AppData\Local\Microsoft\WindowsApps;C:\Program Files\JetBrains\IntelliJ IDEA Community Edition 2021.2.3\bin;;C:\ferramentas\apache-maven-3.8.3\bin;C:\Program Files\Java\jdk1.8.0_202\bin;C:\Program Files\PostgreSQL\14\bin;C:\Users\k.faria\AppData\Roaming\npm;C:\ferramentas\flutter\bin;C:\ferramentas\Android\Sdk\platform-tools;C:\ferramentas\Android\Sdk\tools;C:\tools\dart-sdk\bin;C:\Users\k.faria\AppData\Roaming\Pub\Cache\bin;C:\Users\k.faria\AppData\Local\Programs\Microsoft VS Code\bin;C:\ferramentas\Android\Sdk\emulator;C:\ferramentas\terraform;;."/>
    <property name="java.vm.info" value="mixed mode"/>
    <property name="java.vendor" value="Oracle Corporation"/>
    <property name="java.vm.version" value="25.202-b08"/>
    <property name="java.ext.dirs" value="C:\Program Files\Java\jdk1.8.0_202\jre\lib\ext;C:\Windows\Sun\Java\lib\ext"/>
    <property name="sun.io.unicode.encoding" value="UnicodeLittle"/>
    <property name="java.class.version" value="52.0"/>
  </properties>
  <testcase name="deveEfetuarMultiQuandoParametrosPositivos" classname="br.edu.ifg.MathOperationTest" time="0"/>
  <testcase name="deveEfetuarSomaQuandoUmParametroForNegativo" classname="br.edu.ifg.MathOperationTest" time="0"/>
  <testcase name="deveEfetuarDivQuandoPrimeiroParametroForZero" classname="br.edu.ifg.MathOperationTest" time="0"/>
  <testcase name="naoDeveEfetuarDivQuandoSegundoParametroForZero" classname="br.edu.ifg.MathOperationTest" time="0.001">
    <error message="java.lang.NoClassDefFoundError: org/junit/function/ThrowingRunnable" type="java.lang.BootstrapMethodError">java.lang.BootstrapMethodError: java.lang.NoClassDefFoundError: org/junit/function/ThrowingRunnable
	at br.edu.ifg.MathOperationTest.naoDeveEfetuarDivQuandoSegundoParametroForZero(MathOperationTest.java:77)
Caused by: java.lang.NoClassDefFoundError: org/junit/function/ThrowingRunnable
	at br.edu.ifg.MathOperationTest.naoDeveEfetuarDivQuandoSegundoParametroForZero(MathOperationTest.java:77)
Caused by: java.lang.ClassNotFoundException: org.junit.function.ThrowingRunnable
	at br.edu.ifg.MathOperationTest.naoDeveEfetuarDivQuandoSegundoParametroForZero(MathOperationTest.java:77)
</error>
  </testcase>
  <testcase name="deveEfetuarSubQuandoParametrosPositivos" classname="br.edu.ifg.MathOperationTest" time="0"/>
  <testcase name="deveEfetuarSomaQuandoParametrosPositivos" classname="br.edu.ifg.MathOperationTest" time="0"/>
  <testcase name="deveEfetuarDivQuandoParametrosPositivos" classname="br.edu.ifg.MathOperationTest" time="0"/>
  <testcase name="deveEfetuarSomaQuandoParametrosNegativos" classname="br.edu.ifg.MathOperationTest" time="0"/>
</testsuite>